{
"contracts/Raffle..sol":{"l":{"62":3,"63":3,"64":3,"65":3,"66":3,"67":3,"68":3,"69":3,"73":9,"74":1,"76":8,"77":1,"80":7,"83":7,"106":7,"107":7,"108":7,"109":7,"110":7,"116":3,"117":3,"118":0,"125":3,"126":3,"133":3,"141":0,"142":0,"143":0,"144":0,"145":0,"146":0,"147":0,"148":0,"149":0,"151":0,"155":10,"159":1,"163":0,"167":2,"179":0,"183":0,"187":0,"191":0,"195":11},"path":"/home/ananjaygurjar/codes/Blockchain/SmartContractLottery/contracts/Raffle..sol","s":{"1":9,"2":8,"3":7,"4":7,"5":7,"6":7,"7":7,"8":7,"9":3,"10":3,"11":3,"12":3,"13":0,"14":0,"15":0,"16":0,"17":0,"18":10,"19":1,"20":0,"21":2,"22":0,"23":0,"24":0,"25":0,"26":11},"b":{"1":[1,8],"2":[1,7],"3":[0,3],"4":[0,0]},"f":{"1":3,"2":9,"3":7,"4":3,"5":0,"6":10,"7":1,"8":0,"9":2,"10":0,"11":0,"12":0,"13":0,"14":11},"fnMap":{"1":{"name":"constructor","line":61,"loc":{"start":{"line":54,"column":1},"end":{"line":70,"column":1}}},"2":{"name":"enterRaffle","line":72,"loc":{"start":{"line":72,"column":1},"end":{"line":84,"column":1}}},"3":{"name":"checkUpkeep","line":96,"loc":{"start":{"line":96,"column":1},"end":{"line":111,"column":1}}},"4":{"name":"performUpkeep","line":113,"loc":{"start":{"line":113,"column":1},"end":{"line":134,"column":1}}},"5":{"name":"fulfillRandomWords","line":137,"loc":{"start":{"line":137,"column":1},"end":{"line":152,"column":1}}},"6":{"name":"getEntranceFee","line":154,"loc":{"start":{"line":154,"column":1},"end":{"line":156,"column":1}}},"7":{"name":"getPlayer","line":158,"loc":{"start":{"line":158,"column":1},"end":{"line":160,"column":1}}},"8":{"name":"getRecentWinner","line":162,"loc":{"start":{"line":162,"column":1},"end":{"line":164,"column":1}}},"9":{"name":"getRaffleState","line":166,"loc":{"start":{"line":166,"column":1},"end":{"line":168,"column":1}}},"10":{"name":"getNumWords","line":170,"loc":{"start":{"line":170,"column":1},"end":{"line":180,"column":1}}},"11":{"name":"getNumberOfPlayers","line":182,"loc":{"start":{"line":182,"column":1},"end":{"line":184,"column":1}}},"12":{"name":"getLatestTimeStamp","line":186,"loc":{"start":{"line":186,"column":1},"end":{"line":188,"column":1}}},"13":{"name":"getRequestConfirmations","line":190,"loc":{"start":{"line":190,"column":1},"end":{"line":192,"column":1}}},"14":{"name":"getInterval","line":194,"loc":{"start":{"line":194,"column":1},"end":{"line":196,"column":1}}}},"statementMap":{"1":{"start":{"line":73,"column":2},"end":{"line":73,"column":2326}},"2":{"start":{"line":76,"column":2},"end":{"line":76,"column":2406}},"3":{"start":{"line":80,"column":2},"end":{"line":80,"column":36}},"4":{"start":{"line":83,"column":2},"end":{"line":83,"column":30}},"5":{"start":{"line":106,"column":2},"end":{"line":106,"column":49}},"6":{"start":{"line":107,"column":2},"end":{"line":107,"column":68}},"7":{"start":{"line":108,"column":2},"end":{"line":108,"column":42}},"8":{"start":{"line":109,"column":2},"end":{"line":109,"column":45}},"9":{"start":{"line":116,"column":2},"end":{"line":116,"column":41}},"10":{"start":{"line":117,"column":2},"end":{"line":117,"column":3798}},"11":{"start":{"line":126,"column":2},"end":{"line":126,"column":4068}},"12":{"start":{"line":133,"column":2},"end":{"line":133,"column":39}},"13":{"start":{"line":141,"column":2},"end":{"line":141,"column":59}},"14":{"start":{"line":142,"column":2},"end":{"line":142,"column":57}},"15":{"start":{"line":147,"column":2},"end":{"line":147,"column":72}},"16":{"start":{"line":148,"column":2},"end":{"line":148,"column":5084}},"17":{"start":{"line":151,"column":2},"end":{"line":151,"column":33}},"18":{"start":{"line":155,"column":2},"end":{"line":155,"column":22}},"19":{"start":{"line":159,"column":2},"end":{"line":159,"column":25}},"20":{"start":{"line":163,"column":2},"end":{"line":163,"column":23}},"21":{"start":{"line":167,"column":2},"end":{"line":167,"column":22}},"22":{"start":{"line":179,"column":2},"end":{"line":179,"column":18}},"23":{"start":{"line":183,"column":2},"end":{"line":183,"column":25}},"24":{"start":{"line":187,"column":2},"end":{"line":187,"column":24}},"25":{"start":{"line":191,"column":2},"end":{"line":191,"column":30}},"26":{"start":{"line":195,"column":2},"end":{"line":195,"column":19}}},"branchMap":{"1":{"line":73,"type":"if","locations":[{"start":{"line":73,"column":2},"end":{"line":73,"column":2}},{"start":{"line":73,"column":2},"end":{"line":73,"column":2}}]},"2":{"line":76,"type":"if","locations":[{"start":{"line":76,"column":2},"end":{"line":76,"column":2}},{"start":{"line":76,"column":2},"end":{"line":76,"column":2}}]},"3":{"line":117,"type":"if","locations":[{"start":{"line":117,"column":2},"end":{"line":117,"column":2}},{"start":{"line":117,"column":2},"end":{"line":117,"column":2}}]},"4":{"line":148,"type":"if","locations":[{"start":{"line":148,"column":2},"end":{"line":148,"column":2}},{"start":{"line":148,"column":2},"end":{"line":148,"column":2}}]}}},
"contracts/test/VRFCorrdinatorV2Mock.sol":{"l":{},"path":"/home/ananjaygurjar/codes/Blockchain/SmartContractLottery/contracts/test/VRFCorrdinatorV2Mock.sol","s":{},"b":{},"f":{},"fnMap":{},"statementMap":{},"branchMap":{}}}
