TN:
SF:/home/ananjaygurjar/codes/Blockchain/SmartContractLottery/contracts/Raffle..sol
FN:61,constructor
FN:72,enterRaffle
FN:96,checkUpkeep
FN:113,performUpkeep
FN:137,fulfillRandomWords
FN:154,getEntranceFee
FN:158,getPlayer
FN:162,getRecentWinner
FN:166,getRaffleState
FN:170,getNumWords
FN:182,getNumberOfPlayers
FN:186,getLatestTimeStamp
FN:190,getRequestConfirmations
FN:194,getInterval
FNF:14
FNH:8
FNDA:3,constructor
FNDA:9,enterRaffle
FNDA:7,checkUpkeep
FNDA:3,performUpkeep
FNDA:0,fulfillRandomWords
FNDA:10,getEntranceFee
FNDA:1,getPlayer
FNDA:0,getRecentWinner
FNDA:2,getRaffleState
FNDA:0,getNumWords
FNDA:0,getNumberOfPlayers
FNDA:0,getLatestTimeStamp
FNDA:0,getRequestConfirmations
FNDA:11,getInterval
DA:62,3
DA:63,3
DA:64,3
DA:65,3
DA:66,3
DA:67,3
DA:68,3
DA:69,3
DA:73,9
DA:74,1
DA:76,8
DA:77,1
DA:80,7
DA:83,7
DA:106,7
DA:107,7
DA:108,7
DA:109,7
DA:110,7
DA:116,3
DA:117,3
DA:118,0
DA:125,3
DA:126,3
DA:133,3
DA:141,0
DA:142,0
DA:143,0
DA:144,0
DA:145,0
DA:146,0
DA:147,0
DA:148,0
DA:149,0
DA:151,0
DA:155,10
DA:159,1
DA:163,0
DA:167,2
DA:179,0
DA:183,0
DA:187,0
DA:191,0
DA:195,11
LF:44
LH:28
BRDA:73,1,0,1
BRDA:73,1,1,8
BRDA:76,2,0,1
BRDA:76,2,1,7
BRDA:117,3,0,0
BRDA:117,3,1,3
BRDA:148,4,0,0
BRDA:148,4,1,0
BRF:8
BRH:5
end_of_record
TN:
SF:/home/ananjaygurjar/codes/Blockchain/SmartContractLottery/contracts/test/VRFCorrdinatorV2Mock.sol
FNF:0
FNH:0
LF:0
LH:0
BRF:0
BRH:0
end_of_record
