TN:
SF:/home/ananjaygurjar/codes/Blockchain/SmartContractLottery/contracts/Raffle..sol
FN:61,constructor
FN:72,enterRaffle
FN:96,checkUpkeep
FN:113,performUpkeep
FN:137,fulfillRandomWords
FN:154,getEntranceFee
FN:158,getPlayer
FN:162,getRecentWinner
FN:166,getRaffleState
FN:170,getNumWords
FN:182,getNumberOfPlayers
FN:186,getLatestTimeStamp
FN:190,getRequestConfirmations
FN:194,getInterval
FNF:14
FNH:8
FNDA:3,constructor
FNDA:5,enterRaffle
FNDA:1,checkUpkeep
FNDA:1,performUpkeep
FNDA:0,fulfillRandomWords
FNDA:5,getEntranceFee
FNDA:1,getPlayer
FNDA:0,getRecentWinner
FNDA:1,getRaffleState
FNDA:0,getNumWords
FNDA:0,getNumberOfPlayers
FNDA:0,getLatestTimeStamp
FNDA:0,getRequestConfirmations
FNDA:6,getInterval
DA:62,3
DA:63,3
DA:64,3
DA:65,3
DA:66,3
DA:67,3
DA:68,3
DA:69,3
DA:73,5
DA:74,1
DA:76,4
DA:77,1
DA:80,3
DA:83,3
DA:106,1
DA:107,1
DA:108,1
DA:109,1
DA:110,1
DA:116,1
DA:117,1
DA:118,0
DA:125,1
DA:126,1
DA:133,1
DA:141,0
DA:142,0
DA:143,0
DA:144,0
DA:145,0
DA:146,0
DA:147,0
DA:148,0
DA:149,0
DA:151,0
DA:155,5
DA:159,1
DA:163,0
DA:167,1
DA:179,0
DA:183,0
DA:187,0
DA:191,0
DA:195,6
LF:44
LH:28
BRDA:73,1,0,1
BRDA:73,1,1,4
BRDA:76,2,0,1
BRDA:76,2,1,3
BRDA:117,3,0,0
BRDA:117,3,1,1
BRDA:148,4,0,0
BRDA:148,4,1,0
BRF:8
BRH:5
end_of_record
TN:
SF:/home/ananjaygurjar/codes/Blockchain/SmartContractLottery/contracts/test/VRFCorrdinatorV2Mock.sol
FNF:0
FNH:0
LF:0
LH:0
BRF:0
BRH:0
end_of_record
